# Server version 0.08 running on jake-t420:8123
# Game ID: 671
# Board class: bohnenspiel.BohnenspielBoard
# Timeout: 700
# First Move Timeout: 30000
# Date: Mon Apr 10 22:16:34 EDT 2017
# Player 1: Player-0, '260566105', running on localhost
# Player 2: Player-1, 'MiniMax', running on localhost
START Player-0 260566105
START Player-1 MiniMax
PIT 0 1
PIT 1 1
PIT 0 1
PIT 1 2
PIT 0 1
PIT 1 0
PIT 0 1
PIT 1 2
PIT 0 2
PIT 1 2
PIT 0 2
PIT 1 1
PIT 0 1
PIT 1 0
PIT 0 2
PIT 1 2
PIT 0 0
PIT 1 2
PIT 0 2
PIT 1 1
PIT 0 1
PIT 1 0
PIT 0 3
PIT 1 2
PIT 0 1
PIT 1 1
PIT 0 0
PIT 1 0
PIT 0 3
PIT 1 2
PIT 1 1
PIT 0 2
PIT 1 2
PIT 0 1
PIT 1 4
GAMEOVER TIMEOUT WINNER 1         Player-0 score: 0  Player-1 score: 0
# Game ended: Mon Apr 10 22:16:50 EDT 2017
