# Server version 0.08 running on jake-t420:8123
# Game ID: 631
# Board class: bohnenspiel.BohnenspielBoard
# Timeout: 700
# First Move Timeout: 30000
# Date: Mon Apr 10 21:43:02 EDT 2017
# Player 1: Player-0, '260566105', running on localhost
# Player 2: Player-1, 'GreedyPlayer', running on localhost
START Player-0 260566105
START Player-1 GreedyPlayer
PIT 0 1
PIT 1 0
PIT 0 1
PIT 1 1
PIT 0 1
PIT 1 2
PIT 0 1
PIT 1 3
PIT 0 1
PIT 1 0
PIT 1 1
PIT 0 2
PIT 1 0
PIT 0 2
PIT 1 4
PIT 0 2
PIT 1 1
PIT 1 0
PIT 1 1
PIT 0 1
PIT 1 2
PIT 0 2
PIT 1 3
PIT 0 5
PIT 1 0
PIT 0 1
PIT 1 2
GAMEOVER TIMEOUT WINNER 1         Player-0 score: 2  Player-1 score: 12
# Game ended: Mon Apr 10 21:43:10 EDT 2017
