# Server version 0.08 running on jake-t420:8123
# Game ID: 105
# Board class: bohnenspiel.BohnenspielBoard
# Timeout: 1000
# First Move Timeout: 30000
# Date: Fri Apr 07 23:35:18 EDT 2017
# Player 1: Player-0, '260566105', running on localhost
# Player 2: Player-1, 'RandomPlayer', running on localhost
START Player-0 260566105
START Player-1 RandomPlayer
PIT 0 0
PIT 1 5
PIT 0 0
PIT 1 0
PIT 0 4
PIT 1 4
PIT 0 1
PIT 0 4
PIT 1 4
PIT 0 2
PIT 1 4
PIT 0 4
PIT 1 0
PIT 0 0
PIT 1 2
PIT 0 1
PIT 1 5
PIT 0 0
PIT 1 0
PIT 0 5
PIT 1 4
PIT 0 3
PIT 1 3
PIT 0 1
PIT 0 2
PIT 1 2
PIT 0 4
PIT 1 1
PIT 0 5
PIT 1 1
PIT 0 0
PIT 0 4
PIT 1 2
PIT 1 3
PIT 1 4
PIT 1 5
PIT 0 0
GAMEOVER WINNER 0         Player-0 score: 50  Player-1 score: 22
# Game ended: Fri Apr 07 23:35:23 EDT 2017
